COORDINATES OF NACA AIRFOILS
Created by naca456, version 1.0 (4 January 2002) on 17:23  4Jan2002
Ralph L. Carmichael, Public Domain Aeronautical Software
 
NACA 1408                                                                       
Four-digit profile, t/c= 0.0800
Two digit mean line,  max camber= 0.010  x of max. camber= 0.400
 
                       THICKNESS          MEAN LINE
            x         y      dy/dx         y      dy/dx
    1  0.000000  0.000000**********  0.000000  0.050000
    2  0.005000  0.008142  0.787962  0.000248  0.049375
    3  0.007500  0.009899  0.633171  0.000371  0.049062
    4  0.012500  0.012626  0.477248  0.000615  0.048437
    5  0.025000  0.017431  0.318331  0.001211  0.046875
    6  0.050000  0.023698  0.201924  0.002344  0.043750
    7  0.075000  0.027999  0.147180  0.003398  0.040625
    8  0.100000  0.031218  0.112497  0.004375  0.037500
    9  0.150000  0.035634  0.067855  0.006094  0.031250
   10  0.200000  0.038250  0.038469  0.007500  0.025000
   11  0.250000  0.039608  0.016825  0.008594  0.018750
   12  0.300000  0.040012 -0.000052  0.009375  0.012500
   13  0.350000  0.039657 -0.013648  0.009844  0.006250
   14  0.400000  0.038687 -0.024832  0.010000  0.000000
   15  0.450000  0.037205 -0.034171  0.009931 -0.002778
   16  0.500000  0.035294 -0.042074  0.009722 -0.005556
   17  0.550000  0.033016 -0.048854  0.009375 -0.008333
   18  0.600000  0.030422 -0.054770  0.008889 -0.011111
   19  0.650000  0.027550 -0.060039  0.008264 -0.013889
   20  0.700000  0.024426 -0.064858  0.007500 -0.016667
   21  0.750000  0.021069 -0.069404  0.006597 -0.019444
   22  0.800000  0.017487 -0.073842  0.005556 -0.022222
   23  0.850000  0.013684 -0.078327  0.004375 -0.025000
   24  0.900000  0.009651 -0.083010  0.003056 -0.027778
   25  0.950000  0.005377 -0.088034  0.001597 -0.030556
   26  1.000000  0.000840 -0.093540  0.000000 -0.033333

COORDINATES OF NACA AIRFOILS           17:23  4Jan2002
NACA 1408                                                                       
COMBINED THICKNESS AND CAMBER
         xupper    yupper    xlower    ylower
    1  0.000000  0.000000  0.000000  0.000000
    2  0.004598  0.008381  0.005402 -0.007884
    3  0.007015  0.010259  0.007985 -0.009516
    4  0.011889  0.013226  0.013111 -0.011996
    5  0.024184  0.018623  0.025816 -0.016201
    6  0.048964  0.026019  0.051036 -0.021332
    7  0.073863  0.031375  0.076137 -0.024578
    8  0.098830  0.035572  0.101170 -0.026822
    9  0.148887  0.041711  0.151113 -0.029523
   10  0.199044  0.045738  0.200956 -0.030738
   11  0.249257  0.048195  0.250743 -0.031008
   12  0.299500  0.049383  0.300500 -0.030633
   13  0.349752  0.049500  0.350248 -0.029813
   14  0.400000  0.048687  0.400000 -0.028687
   15  0.450103  0.047135  0.449897 -0.027274
   16  0.500196  0.045015  0.499804 -0.025571
   17  0.550275  0.042390  0.549725 -0.023640
   18  0.600338  0.039309  0.599662 -0.021532
   19  0.650383  0.035811  0.649617 -0.019283
   20  0.700407  0.031923  0.699593 -0.016923
   21  0.750410  0.027662  0.749590 -0.014468
   22  0.800389  0.023039  0.799612 -0.011928
   23  0.850342  0.018054  0.849658 -0.009304
   24  0.900268  0.012703  0.899732 -0.006592
   25  0.950164  0.006972  0.949836 -0.003777
   26  1.000028  0.000840  0.999972 -0.000840

COORDINATES OF NACA AIRFOILS           17:23  4Jan2002
NACA 1408                                                                       
INTERPOLATED COORDINATES
            x      yupper   ylower
    1  0.000000  0.000000  0.000000
    2  0.005000  0.008730 -0.007583
    3  0.007500  0.010590 -0.009240
    4  0.012500  0.013553 -0.011734
    5  0.025000  0.018921 -0.015982
    6  0.050000  0.026273 -0.021168
    7  0.075000  0.031588 -0.024456
    8  0.100000  0.035746 -0.026733
    9  0.150000  0.041820 -0.029482
   10  0.200000  0.045799 -0.030725
   11  0.250000  0.048221 -0.031009
   12  0.300000  0.049390 -0.030640
   13  0.350000  0.049499 -0.029818
   14  0.400000  0.048687 -0.028687
   15  0.450000  0.047139 -0.027271
   16  0.500000  0.045025 -0.025564
   17  0.550000  0.042406 -0.023629
   18  0.600000  0.039332 -0.021517
   19  0.650000  0.035839 -0.019266
   20  0.700000  0.031956 -0.016903
   21  0.750000  0.027698 -0.014447
   22  0.800000  0.023076 -0.011908
   23  0.850000  0.018090 -0.009286
   24  0.900000  0.012733 -0.006577
   25  0.950000  0.006991 -0.003768
   26  1.000000  0.000843 -0.000838
End of output for cambered airfoil
