COORDINATES OF NACA AIRFOILS
Created by naca456, version 1.0 (4 January 2002) on 17:42  4Jan2002
Ralph L. Carmichael, Public Domain Aeronautical Software
 
NACA 16-212      (thickness same as 0012-45)                                    
Four-digit-modified profile, t/c= 0.1200
   l.e. index= 4.0000   x of max. thickness= 0.5000
Six-series mean line, a= 1.0000   cl= 0.2000
 
                       THICKNESS          MEAN LINE
            x         y      dy/dx         y      dy/dx
    1  0.000000  0.000000**********  0.000000  0.000000
    2  0.005000  0.008256  0.811484  0.000501  0.084246
    3  0.007500  0.010073  0.657343  0.000703  0.077752
    4  0.012500  0.012924  0.502702  0.001069  0.069542
    5  0.025000  0.018067  0.346876  0.001861  0.058307
    6  0.050000  0.025120  0.236166  0.003159  0.046862
    7  0.075000  0.030342  0.186478  0.004240  0.039985
    8  0.100000  0.034600  0.156228  0.005174  0.034970
    9  0.150000  0.041389  0.118636  0.006728  0.027607
   10  0.200000  0.046671  0.093984  0.007964  0.022064
   11  0.250000  0.050877  0.074878  0.008950  0.017485
   12  0.300000  0.054203  0.058465  0.009722  0.013485
   13  0.350000  0.056746  0.043381  0.010304  0.009852
   14  0.400000  0.058551  0.028880  0.010711  0.006453
   15  0.450000  0.059636  0.014515  0.010952  0.003194
   16  0.500000  0.060000  0.000000  0.011032  0.000000
   17  0.550000  0.059611  0.015989  0.010952 -0.003194
   18  0.600000  0.058357  0.034636  0.010711 -0.006453
   19  0.650000  0.056103  0.055941  0.010304 -0.009852
   20  0.700000  0.052718  0.079904  0.009722 -0.013485
   21  0.750000  0.048069  0.106525  0.008950 -0.017485
   22  0.800000  0.042022  0.135804  0.007964 -0.022064
   23  0.850000  0.034444  0.167741  0.006728 -0.027607
   24  0.900000  0.025203  0.202336  0.005174 -0.034970
   25  0.950000  0.014166  0.239590  0.003159 -0.046862
   26  1.000000  0.001200  0.279501  0.000000  0.000000

COORDINATES OF NACA AIRFOILS           17:42  4Jan2002
NACA 16-212      (thickness same as 0012-45)                                    
COMBINED THICKNESS AND CAMBER
         xupper    yupper    xlower    ylower
    1  0.000000  0.000000  0.000000  0.000000
    2  0.004307  0.008728  0.005693 -0.007726
    3  0.006719  0.010746  0.008281 -0.009340
    4  0.011603  0.013962  0.013397 -0.011823
    5  0.023948  0.019897  0.026052 -0.016176
    6  0.048824  0.028252  0.051176 -0.021933
    7  0.073788  0.034557  0.076212 -0.026078
    8  0.098791  0.039753  0.101209 -0.029405
    9  0.148858  0.048101  0.151142 -0.034645
   10  0.198971  0.054624  0.201029 -0.038696
   11  0.249111  0.059820  0.250889 -0.041920
   12  0.299269  0.063921  0.300731 -0.044476
   13  0.349441  0.067048  0.350559 -0.046439
   14  0.399622  0.069261  0.400378 -0.047839
   15  0.449810  0.070588  0.450190 -0.048684
   16  0.500000  0.071032  0.500000 -0.048968
   17  0.550190  0.070563  0.549810 -0.048659
   18  0.600377  0.069067  0.599623 -0.047644
   19  0.650553  0.066405  0.649447 -0.045796
   20  0.700711  0.062436  0.699289 -0.042991
   21  0.750840  0.057011  0.749160 -0.039112
   22  0.800927  0.049976  0.799073 -0.034047
   23  0.850951  0.041159  0.849050 -0.027703
   24  0.900881  0.030362  0.899119 -0.020014
   25  0.950663  0.017310  0.949337 -0.010991
   26  1.000000  0.001200  1.000000 -0.001200

COORDINATES OF NACA AIRFOILS           17:42  4Jan2002
NACA 16-212      (thickness same as 0012-45)                                    
INTERPOLATED COORDINATES
            x      yupper   ylower
    1  0.000000  0.000000  0.000000
    2  0.005000  0.009365 -0.007216
    3  0.007500  0.011316 -0.008892
    4  0.012500  0.014480 -0.011433
    5  0.025000  0.020321 -0.015873
    6  0.050000  0.028583 -0.021710
    7  0.075000  0.034831 -0.025899
    8  0.100000  0.039983 -0.029258
    9  0.150000  0.048267 -0.034541
   10  0.200000  0.054743 -0.038621
   11  0.250000  0.059901 -0.041869
   12  0.300000  0.063973 -0.044443
   13  0.350000  0.067077 -0.046420
   14  0.400000  0.069274 -0.047830
   15  0.450000  0.070591 -0.048681
   16  0.500000  0.071032 -0.048968
   17  0.550000  0.070567 -0.048657
   18  0.600000  0.069082 -0.047634
   19  0.650000  0.066441 -0.045771
   20  0.700000  0.062502 -0.042944
   21  0.750000  0.057115 -0.039036
   22  0.800000  0.050122 -0.033941
   23  0.850000  0.041344 -0.027570
   24  0.900000  0.030570 -0.019866
   25  0.950000  0.017503 -0.010866
   26  1.000000  0.001200 -0.001200
End of output for cambered airfoil
