COORDINATES OF NACA AIRFOILS
Created by naca456, version 1.0 (4 January 2002) on 17:43  4Jan2002
Ralph L. Carmichael, Public Domain Aeronautical Software
 
NACA 23012                                                                      
Four-digit profile, t/c= 0.1200
Three digit mean line, cl= 0.3000  x of max. camber= 0.150
 
                       THICKNESS          MEAN LINE
            x         y      dy/dx         y      dy/dx
    1  0.000000  0.000000**********  0.000000  0.305276
    2  0.005000  0.012213  1.181943  0.001486  0.289309
    3  0.007500  0.014849  0.949756  0.002200  0.281475
    4  0.012500  0.018939  0.715872  0.003569  0.266107
    5  0.025000  0.026147  0.477496  0.006663  0.229432
    6  0.050000  0.035547  0.302886  0.011555  0.163569
    7  0.075000  0.041999  0.220769  0.014925  0.107684
    8  0.100000  0.046828  0.168746  0.017022  0.061779
    9  0.150000  0.053452  0.101782  0.018398 -0.000093
   10  0.200000  0.057375  0.057703  0.017678 -0.022048
   11  0.250000  0.059412  0.025238  0.016573 -0.022098
   12  0.300000  0.060017 -0.000078  0.015468 -0.022098
   13  0.350000  0.059486 -0.020472  0.014364 -0.022098
   14  0.400000  0.058030 -0.037248  0.013259 -0.022098
   15  0.450000  0.055807 -0.051257  0.012154 -0.022098
   16  0.500000  0.052940 -0.063111  0.011049 -0.022098
   17  0.550000  0.049524 -0.073282  0.009944 -0.022098
   18  0.600000  0.045634 -0.082154  0.008839 -0.022098
   19  0.650000  0.041325 -0.090059  0.007734 -0.022098
   20  0.700000  0.036639 -0.097287  0.006629 -0.022098
   21  0.750000  0.031603 -0.104106  0.005524 -0.022098
   22  0.800000  0.026231 -0.110762  0.004420 -0.022098
   23  0.850000  0.020526 -0.117491  0.003315 -0.022098
   24  0.900000  0.014477 -0.124515  0.002210 -0.022098
   25  0.950000  0.008066 -0.132051  0.001105 -0.022098
   26  1.000000  0.001260 -0.140310  0.000000 -0.022098

COORDINATES OF NACA AIRFOILS           17:43  4Jan2002
NACA 23012                                                                      
COMBINED THICKNESS AND CAMBER
         xupper    yupper    xlower    ylower
    1  0.000000  0.000000  0.000000  0.000000
    2  0.001606  0.013218  0.008394 -0.010246
    3  0.003477  0.016493  0.011523 -0.012093
    4  0.007630  0.021871  0.017370 -0.014734
    5  0.019153  0.032148  0.030847 -0.018822
    6  0.044262  0.046635  0.055738 -0.023526
    7  0.070503  0.056682  0.079497 -0.026833
    8  0.097113  0.063761  0.102887 -0.029716
    9  0.150005  0.071850  0.149995 -0.035054
   10  0.201265  0.075040  0.198735 -0.039683
   11  0.251313  0.075971  0.248687 -0.042825
   12  0.301326  0.075471  0.298674 -0.044534
   13  0.351314  0.073835  0.348686 -0.045108
   14  0.401282  0.071275  0.398718 -0.044757
   15  0.451233  0.067947  0.448767 -0.043640
   16  0.501170  0.063976  0.498830 -0.041878
   17  0.551094  0.059456  0.548906 -0.039568
   18  0.601008  0.054462  0.598992 -0.036783
   19  0.650913  0.049049  0.649087 -0.033581
   20  0.700809  0.043259  0.699191 -0.030001
   21  0.750698  0.037120  0.749302 -0.026071
   22  0.800580  0.030644  0.799420 -0.021805
   23  0.850453  0.023835  0.849547 -0.017206
   24  0.900320  0.016683  0.899680 -0.012264
   25  0.950178  0.009169  0.949822 -0.006959
   26  1.000028  0.001260  0.999972 -0.001260

COORDINATES OF NACA AIRFOILS           17:43  4Jan2002
NACA 23012                                                                      
INTERPOLATED COORDINATES
            x      yupper   ylower
    1  0.000000  0.000000  0.000000
    2  0.005000  0.018662 -0.007567
    3  0.007500  0.021724 -0.009622
    4  0.012500  0.026754 -0.012594
    5  0.025000  0.036187 -0.017285
    6  0.050000  0.049164 -0.022616
    7  0.075000  0.058065 -0.026248
    8  0.100000  0.064385 -0.029371
    9  0.150000  0.071849 -0.035054
   10  0.200000  0.074994 -0.039784
   11  0.250000  0.075967 -0.042886
   12  0.300000  0.075500 -0.044563
   13  0.350000  0.073891 -0.045110
   14  0.400000  0.071350 -0.044738
   15  0.450000  0.068038 -0.043604
   16  0.500000  0.064076 -0.041830
   17  0.550000  0.059561 -0.039512
   18  0.600000  0.054567 -0.036723
   19  0.650000  0.049152 -0.033519
   20  0.700000  0.043356 -0.029940
   21  0.750000  0.037208 -0.026014
   22  0.800000  0.030721 -0.021754
   23  0.850000  0.023899 -0.017163
   24  0.900000  0.016730 -0.012231
   25  0.950000  0.009196 -0.006939
   26  1.000000  0.001264 -0.001257
End of output for cambered airfoil
