COORDINATES OF NACA AIRFOILS
Created by naca456, version 1.0 (4 January 2002) on 17:43  4Jan2002
Ralph L. Carmichael, Public Domain Aeronautical Software
 
NACA 23112                                                                      
Four-digit profile, t/c= 0.1200
Three digit mean line, cl= 0.3000  x of max. camber= 0.150
 
                       THICKNESS          MEAN LINE
            x         y      dy/dx         y      dy/dx
    1  0.000000  0.000000**********  0.000000  0.336391
    2  0.005000  0.012213  1.181943  0.001639  0.319453
    3  0.007500  0.014849  0.949756  0.002428  0.311132
    4  0.012500  0.018939  0.715872  0.003942  0.294786
    5  0.025000  0.026147  0.477496  0.007380  0.255649
    6  0.050000  0.035547  0.302886  0.012865  0.184778
    7  0.075000  0.041999  0.220769  0.016701  0.123778
    8  0.100000  0.046828  0.168746  0.019136  0.072648
    9  0.150000  0.053452  0.101782  0.020788  0.000000
   10  0.200000  0.057375  0.057703  0.019794 -0.033165
   11  0.250000  0.059412  0.025238  0.018035 -0.035389
   12  0.300000  0.060017 -0.000078  0.016272 -0.035079
   13  0.350000  0.059486 -0.020472  0.014532 -0.034502
   14  0.400000  0.058030 -0.037248  0.012827 -0.033658
   15  0.450000  0.055807 -0.051257  0.011170 -0.032546
   16  0.500000  0.052940 -0.063111  0.009576 -0.031168
   17  0.550000  0.049524 -0.073282  0.008058 -0.029522
   18  0.600000  0.045634 -0.082154  0.006629 -0.027608
   19  0.650000  0.041325 -0.090059  0.005302 -0.025428
   20  0.700000  0.036639 -0.097287  0.004090 -0.022981
   21  0.750000  0.031603 -0.104106  0.003008 -0.020266
   22  0.800000  0.026231 -0.110762  0.002068 -0.017284
   23  0.850000  0.020526 -0.117491  0.001284 -0.014035
   24  0.900000  0.014477 -0.124515  0.000669 -0.010519
   25  0.950000  0.008066 -0.132051  0.000237 -0.006735
   26  1.000000  0.001260 -0.140310  0.000000 -0.002685

COORDINATES OF NACA AIRFOILS           17:43  4Jan2002
NACA 23112                                                                      
COMBINED THICKNESS AND CAMBER
         xupper    yupper    xlower    ylower
    1  0.000000  0.000000  0.000000  0.000000
    2  0.001284  0.013273  0.008716 -0.009994
    3  0.003089  0.016606  0.011911 -0.011751
    4  0.007145  0.022108  0.017855 -0.014224
    5  0.018524  0.032712  0.031476 -0.017953
    6  0.043541  0.047820  0.056459 -0.022090
    7  0.069841  0.058382  0.080159 -0.024980
    8  0.096607  0.065840  0.103393 -0.027569
    9  0.150000  0.074239  0.150000 -0.032664
   10  0.201902  0.077138  0.198098 -0.037550
   11  0.252101  0.077410  0.247899 -0.041340
   12  0.302104  0.076253  0.297896 -0.043708
   13  0.352051  0.073982  0.347949 -0.044919
   14  0.401952  0.070824  0.398048 -0.045171
   15  0.451815  0.066948  0.448185 -0.044608
   16  0.501649  0.062491  0.498351 -0.043338
   17  0.551461  0.057561  0.548539 -0.041445
   18  0.601259  0.052245  0.598741 -0.038988
   19  0.651050  0.046613  0.648950 -0.036010
   20  0.700842  0.040720  0.699158 -0.032539
   21  0.750640  0.034605  0.749360 -0.028589
   22  0.800453  0.028295  0.799547 -0.024159
   23  0.850288  0.021808  0.849712 -0.019240
   24  0.900152  0.015145  0.899848 -0.013807
   25  0.950054  0.008302  0.949946 -0.007829
   26  1.000003  0.001260  0.999997 -0.001260

COORDINATES OF NACA AIRFOILS           17:43  4Jan2002
NACA 23112                                                                      
INTERPOLATED COORDINATES
            x      yupper   ylower
    1  0.000000  0.000000  0.000000
    2  0.005000  0.019411 -0.007211
    3  0.007500  0.022522 -0.009191
    4  0.012500  0.027656 -0.012033
    5  0.025000  0.037357 -0.016417
    6  0.050000  0.050789 -0.021196
    7  0.075000  0.060040 -0.024385
    8  0.100000  0.066604 -0.027195
    9  0.150000  0.074239 -0.032664
   10  0.200000  0.077090 -0.037722
   11  0.250000  0.077432 -0.041467
   12  0.300000  0.076325 -0.043780
   13  0.350000  0.074095 -0.044947
   14  0.400000  0.070962 -0.045163
   15  0.450000  0.067100 -0.044573
   16  0.500000  0.062647 -0.043285
   17  0.550000  0.057711 -0.041381
   18  0.600000  0.052384 -0.038919
   19  0.650000  0.046735 -0.035942
   20  0.700000  0.040821 -0.032477
   21  0.750000  0.034684 -0.028535
   22  0.800000  0.028354 -0.024117
   23  0.850000  0.021846 -0.019210
   24  0.900000  0.015166 -0.013790
   25  0.950000  0.008310 -0.007822
   26  1.000000  0.001260 -0.001260
End of output for cambered airfoil
