COORDINATES OF NACA AIRFOILS
Created by naca456, version 1.0 (4 January 2002) on 17:43  4Jan2002
Ralph L. Carmichael, Public Domain Aeronautical Software
 
NACA 2412                                                                       
Four-digit profile, t/c= 0.1200
Two digit mean line,  max camber= 0.020  x of max. camber= 0.400
 
                       THICKNESS          MEAN LINE
            x         y      dy/dx         y      dy/dx
    1  0.000000  0.000000**********  0.000000  0.100000
    2  0.005000  0.012213  1.181943  0.000497  0.098750
    3  0.007500  0.014849  0.949756  0.000743  0.098125
    4  0.012500  0.018939  0.715872  0.001230  0.096875
    5  0.025000  0.026147  0.477496  0.002422  0.093750
    6  0.050000  0.035547  0.302886  0.004687  0.087500
    7  0.075000  0.041999  0.220769  0.006797  0.081250
    8  0.100000  0.046828  0.168746  0.008750  0.075000
    9  0.150000  0.053452  0.101782  0.012187  0.062500
   10  0.200000  0.057375  0.057703  0.015000  0.050000
   11  0.250000  0.059412  0.025238  0.017188  0.037500
   12  0.300000  0.060017 -0.000078  0.018750  0.025000
   13  0.350000  0.059486 -0.020472  0.019687  0.012500
   14  0.400000  0.058030 -0.037248  0.020000  0.000000
   15  0.450000  0.055807 -0.051257  0.019861 -0.005556
   16  0.500000  0.052940 -0.063111  0.019444 -0.011111
   17  0.550000  0.049524 -0.073282  0.018750 -0.016667
   18  0.600000  0.045634 -0.082154  0.017778 -0.022222
   19  0.650000  0.041325 -0.090059  0.016528 -0.027778
   20  0.700000  0.036639 -0.097287  0.015000 -0.033333
   21  0.750000  0.031603 -0.104106  0.013194 -0.038889
   22  0.800000  0.026231 -0.110762  0.011111 -0.044444
   23  0.850000  0.020526 -0.117491  0.008750 -0.050000
   24  0.900000  0.014477 -0.124515  0.006111 -0.055556
   25  0.950000  0.008066 -0.132051  0.003194 -0.061111
   26  1.000000  0.001260 -0.140310  0.000000 -0.066667

COORDINATES OF NACA AIRFOILS           17:43  4Jan2002
NACA 2412                                                                       
COMBINED THICKNESS AND CAMBER
         xupper    yupper    xlower    ylower
    1  0.000000  0.000000  0.000000  0.000000
    2  0.003800  0.012651  0.006200 -0.011657
    3  0.006050  0.015521  0.008950 -0.014035
    4  0.010674  0.020081  0.014326 -0.017620
    5  0.022559  0.028455  0.027441 -0.023611
    6  0.046901  0.040099  0.053099 -0.030724
    7  0.071599  0.048658  0.078401 -0.035064
    8  0.096498  0.055447  0.103502 -0.037947
    9  0.146666  0.065535  0.153334 -0.041160
   10  0.197135  0.072304  0.202865 -0.042304
   11  0.247774  0.076558  0.252226 -0.042183
   12  0.298500  0.078749  0.301500 -0.041249
   13  0.349256  0.079169  0.350744 -0.039794
   14  0.400000  0.078030  0.400000 -0.038030
   15  0.450310  0.075668  0.449690 -0.035945
   16  0.500588  0.072381  0.499412 -0.033493
   17  0.550825  0.068267  0.549175 -0.030767
   18  0.601014  0.063400  0.598986 -0.027845
   19  0.651147  0.057837  0.648853 -0.024781
   20  0.701221  0.051619  0.698779 -0.021619
   21  0.751228  0.044774  0.748772 -0.018385
   22  0.801165  0.037316  0.798835 -0.015094
   23  0.851025  0.029250  0.848975 -0.011750
   24  0.900803  0.020566  0.899197 -0.008344
   25  0.950492  0.011245  0.949508 -0.004856
   26  1.000084  0.001257  0.999916 -0.001257

COORDINATES OF NACA AIRFOILS           17:43  4Jan2002
NACA 2412                                                                       
INTERPOLATED COORDINATES
            x      yupper   ylower
    1  0.000000  0.000000  0.000000
    2  0.005000  0.014269 -0.010396
    3  0.007500  0.017090 -0.012852
    4  0.012500  0.021606 -0.016513
    5  0.025000  0.029863 -0.022684
    6  0.050000  0.041304 -0.030054
    7  0.075000  0.049677 -0.034580
    8  0.100000  0.056291 -0.037608
    9  0.150000  0.066073 -0.041022
   10  0.200000  0.072607 -0.042278
   11  0.250000  0.076695 -0.042209
   12  0.300000  0.078785 -0.041286
   13  0.350000  0.079163 -0.039819
   14  0.400000  0.078030 -0.038030
   15  0.450000  0.075685 -0.035931
   16  0.500000  0.072425 -0.033462
   17  0.550000  0.068341 -0.030720
   18  0.600000  0.063506 -0.027784
   19  0.650000  0.057972 -0.024710
   20  0.700000  0.051778 -0.021540
   21  0.750000  0.044949 -0.018305
   22  0.800000  0.037497 -0.015017
   23  0.850000  0.029422 -0.011681
   24  0.900000  0.020711 -0.008289
   25  0.950000  0.011341 -0.004821
   26  1.000000  0.001275 -0.001251
End of output for cambered airfoil
