COORDINATES OF NACA AIRFOILS
Created by naca456, version 1.0 (4 January 2002) on 17:44  4Jan2002
Ralph L. Carmichael, Public Domain Aeronautical Software
 
NACA 4421                                                                       
Four-digit profile, t/c= 0.2100
Two digit mean line,  max camber= 0.040  x of max. camber= 0.400
 
                       THICKNESS          MEAN LINE
            x         y      dy/dx         y      dy/dx
    1  0.000000  0.000000**********  0.000000  0.200000
    2  0.005000  0.021373  2.068401  0.000994  0.197500
    3  0.007500  0.025985  1.662073  0.001486  0.196250
    4  0.012500  0.033143  1.252776  0.002461  0.193750
    5  0.025000  0.045758  0.835618  0.004844  0.187500
    6  0.050000  0.062207  0.530051  0.009375  0.175000
    7  0.075000  0.073498  0.386346  0.013594  0.162500
    8  0.100000  0.081948  0.295305  0.017500  0.150000
    9  0.150000  0.093540  0.178118  0.024375  0.125000
   10  0.200000  0.100407  0.100981  0.030000  0.100000
   11  0.250000  0.103972  0.044166  0.034375  0.075000
   12  0.300000  0.105030 -0.000136  0.037500  0.050000
   13  0.350000  0.104101 -0.035827  0.039375  0.025000
   14  0.400000  0.101553 -0.065184  0.040000  0.000000
   15  0.450000  0.097663 -0.089700  0.039722 -0.011111
   16  0.500000  0.092645 -0.110444  0.038889 -0.022222
   17  0.550000  0.086667 -0.128243  0.037500 -0.033333
   18  0.600000  0.079859 -0.143770  0.035556 -0.044444
   19  0.650000  0.072319 -0.157603  0.033056 -0.055556
   20  0.700000  0.064118 -0.170253  0.030000 -0.066667
   21  0.750000  0.055305 -0.182185  0.026389 -0.077778
   22  0.800000  0.045905 -0.193834  0.022222 -0.088889
   23  0.850000  0.035920 -0.205609  0.017500 -0.100000
   24  0.900000  0.025335 -0.217901  0.012222 -0.111111
   25  0.950000  0.014115 -0.231090  0.006389 -0.122222
   26  1.000000  0.002205 -0.245542  0.000000 -0.133333

COORDINATES OF NACA AIRFOILS           17:44  4Jan2002
NACA 4421                                                                       
COMBINED THICKNESS AND CAMBER
         xupper    yupper    xlower    ylower
    1  0.000000  0.000000  0.000000  0.000000
    2  0.000859  0.021962  0.009141 -0.019974
    3  0.002496  0.026985  0.012504 -0.024013
    4  0.006196  0.034999  0.018804 -0.030077
    5  0.016567  0.049818  0.033433 -0.040130
    6  0.039277  0.070651  0.060723 -0.051901
    7  0.063211  0.086140  0.086789 -0.058953
    8  0.087844  0.098542  0.112156 -0.063542
    9  0.138398  0.117193  0.161602 -0.068443
   10  0.190009  0.129909  0.209991 -0.069909
   11  0.242224  0.138056  0.257776 -0.069306
   12  0.294755  0.142399  0.305245 -0.067399
   13  0.347398  0.143443  0.352602 -0.064693
   14  0.400000  0.141553  0.400000 -0.061553
   15  0.451085  0.137379  0.448915 -0.057935
   16  0.502058  0.131511  0.497942 -0.053734
   17  0.552887  0.124119  0.547113 -0.049119
   18  0.603546  0.115336  0.596454 -0.044225
   19  0.654011  0.105263  0.645988 -0.039152
   20  0.704265  0.093976  0.695735 -0.033976
   21  0.754289  0.081528  0.745711 -0.028750
   22  0.804064  0.067947  0.795936 -0.023502
   23  0.853574  0.053242  0.846426 -0.018242
   24  0.902798  0.037402  0.897202 -0.012958
   25  0.951712  0.020399  0.948288 -0.007622
   26  1.000291  0.002186  0.999709 -0.002186

COORDINATES OF NACA AIRFOILS           17:44  4Jan2002
NACA 4421                                                                       
INTERPOLATED COORDINATES
            x      yupper   ylower
    1  0.000000  0.000000  0.000000
    2  0.005000  0.032702 -0.013575
    3  0.007500  0.037294 -0.017677
    4  0.012500  0.044751 -0.024008
    5  0.025000  0.058680 -0.034847
    6  0.050000  0.078133 -0.047999
    7  0.075000  0.092427 -0.056123
    8  0.100000  0.103745 -0.061567
    9  0.150000  0.120524 -0.067668
   10  0.200000  0.131799 -0.069807
   11  0.250000  0.138925 -0.069509
   12  0.300000  0.142645 -0.067658
   13  0.350000  0.143416 -0.064856
   14  0.400000  0.141553 -0.061553
   15  0.450000  0.137487 -0.057848
   16  0.500000  0.131779 -0.053547
   17  0.550000  0.124579 -0.048839
   18  0.600000  0.115995 -0.043866
   19  0.650000  0.106110 -0.038737
   20  0.700000  0.094982 -0.033531
   21  0.750000  0.082642 -0.028301
   22  0.800000  0.069100 -0.023078
   23  0.850000  0.054344 -0.017870
   24  0.900000  0.038336 -0.012667
   25  0.950000  0.021017 -0.007442
   26  1.000000  0.002299 -0.002155
End of output for cambered airfoil
