COORDINATES OF NACA AIRFOILS
Created by naca456, version 1.0 (4 January 2002) on 17:44  4Jan2002
Ralph L. Carmichael, Public Domain Aeronautical Software
NACA 63-021                                                                     
Six-series profile, family= 63    t/c= 0.2100
No camber, symmetrical section
SYMMETRICAL AIRFOIL DEFINITION
        x         y        dy/dx
    1  0.000000  0.000000**********
    2  0.005000  0.015829  1.601219
    3  0.007500  0.019430  1.306070
    4  0.012500  0.025116  1.002377
    5  0.025000  0.035525  0.719589
    6  0.050000  0.050615  0.512869
    7  0.075000  0.061810  0.394836
    8  0.100000  0.070744  0.323481
    9  0.150000  0.084410  0.228731
   10  0.200000  0.094059  0.159372
   11  0.250000  0.100493  0.100072
   12  0.300000  0.104129  0.044963
   13  0.350000  0.104911 -0.013510
   14  0.400000  0.102906 -0.065661
   15  0.450000  0.098438 -0.111436
   16  0.500000  0.091921 -0.147909
   17  0.550000  0.083775 -0.176557
   18  0.600000  0.074333 -0.199515
   19  0.650000  0.063890 -0.216184
   20  0.700000  0.052835 -0.224008
   21  0.750000  0.041572 -0.224105
   22  0.800000  0.030531 -0.215103
   23  0.850000  0.020217 -0.195926
   24  0.900000  0.011116 -0.165827
   25  0.950000  0.003924 -0.117864
   26  1.000000  0.000000 -0.002614
End of output for symmetrical airfoil
