COORDINATES OF NACA AIRFOILS
Created by naca456, version 1.0 (4 January 2002) on 17:44  4Jan2002
Ralph L. Carmichael, Public Domain Aeronautical Software
NACA 63-006                                                                     
Six-series profile, family= 63    t/c= 0.0600
No camber, symmetrical section
SYMMETRICAL AIRFOIL DEFINITION
        x         y        dy/dx
    1  0.000000  0.000000**********
    2  0.005000  0.005039  0.476239
    3  0.007500  0.006094  0.377664
    4  0.012500  0.007709  0.280901
    5  0.025000  0.010568  0.194539
    6  0.050000  0.014626  0.138261
    7  0.075000  0.017666  0.107690
    8  0.100000  0.020107  0.089046
    9  0.150000  0.023872  0.063830
   10  0.200000  0.026572  0.045083
   11  0.250000  0.028424  0.029399
   12  0.300000  0.029558  0.015430
   13  0.350000  0.029990  0.001314
   14  0.400000  0.029712 -0.012391
   15  0.450000  0.028764 -0.025298
   16  0.500000  0.027218 -0.036365
   17  0.550000  0.025161 -0.045605
   18  0.600000  0.022679 -0.053633
   19  0.650000  0.019844 -0.059920
   20  0.700000  0.016727 -0.064567
   21  0.750000  0.013433 -0.067171
   22  0.800000  0.010075 -0.067140
   23  0.850000  0.006806 -0.063327
   24  0.900000  0.003820 -0.055498
   25  0.950000  0.001371 -0.040517
   26  1.000000  0.000000 -0.000800
End of output for symmetrical airfoil
