COORDINATES OF NACA AIRFOILS
Created by naca456, version 1.0 (4 January 2002) on 17:45  4Jan2002
Ralph L. Carmichael, Public Domain Aeronautical Software
 
NACA 63-206                                                                     
Six-series profile, family= 63    t/c= 0.0600
Six-series mean line, a= 1.0000   cl= 0.2000
 
                       THICKNESS          MEAN LINE
            x         y      dy/dx         y      dy/dx
    1  0.000000  0.000000**********  0.000000  0.000000
    2  0.005000  0.005039  0.476239  0.000501  0.084246
    3  0.007500  0.006094  0.377664  0.000703  0.077752
    4  0.012500  0.007709  0.280901  0.001069  0.069542
    5  0.025000  0.010568  0.194539  0.001861  0.058307
    6  0.050000  0.014626  0.138261  0.003159  0.046862
    7  0.075000  0.017666  0.107690  0.004240  0.039985
    8  0.100000  0.020107  0.089046  0.005174  0.034970
    9  0.150000  0.023872  0.063830  0.006728  0.027607
   10  0.200000  0.026572  0.045083  0.007964  0.022064
   11  0.250000  0.028424  0.029399  0.008950  0.017485
   12  0.300000  0.029558  0.015430  0.009722  0.013485
   13  0.350000  0.029990  0.001314  0.010304  0.009852
   14  0.400000  0.029712 -0.012391  0.010711  0.006453
   15  0.450000  0.028764 -0.025298  0.010952  0.003194
   16  0.500000  0.027218 -0.036365  0.011032  0.000000
   17  0.550000  0.025161 -0.045605  0.010952 -0.003194
   18  0.600000  0.022679 -0.053633  0.010711 -0.006453
   19  0.650000  0.019844 -0.059920  0.010304 -0.009852
   20  0.700000  0.016727 -0.064567  0.009722 -0.013485
   21  0.750000  0.013433 -0.067171  0.008950 -0.017485
   22  0.800000  0.010075 -0.067140  0.007964 -0.022064
   23  0.850000  0.006806 -0.063327  0.006728 -0.027607
   24  0.900000  0.003820 -0.055498  0.005174 -0.034970
   25  0.950000  0.001371 -0.040517  0.003159 -0.046862
   26  1.000000  0.000000 -0.000800  0.000000  0.000000

COORDINATES OF NACA AIRFOILS           17:45  4Jan2002
NACA 63-206                                                                     
COMBINED THICKNESS AND CAMBER
         xupper    yupper    xlower    ylower
    1  0.000000  0.000000  0.000000  0.000000
    2  0.004577  0.005522  0.005423 -0.004520
    3  0.007028  0.006778  0.007972 -0.005372
    4  0.011965  0.008760  0.013035 -0.006621
    5  0.024385  0.012411  0.025615 -0.008690
    6  0.049315  0.017770  0.050685 -0.011451
    7  0.074294  0.021891  0.075706 -0.013412
    8  0.099297  0.025269  0.100703 -0.014921
    9  0.149341  0.030590  0.150659 -0.017135
   10  0.199414  0.034529  0.200586 -0.018601
   11  0.249503  0.037370  0.250497 -0.019470
   12  0.299601  0.039278  0.300399 -0.019833
   13  0.349705  0.040293  0.350295 -0.019684
   14  0.399808  0.040423  0.400192 -0.019001
   15  0.449908  0.039716  0.450092 -0.017812
   16  0.500000  0.038250  0.500000 -0.016186
   17  0.550080  0.036113  0.549920 -0.014208
   18  0.600146  0.033390  0.599854 -0.011968
   19  0.650195  0.030147  0.649804 -0.009538
   20  0.700226  0.026448  0.699774 -0.007004
   21  0.750235  0.022381  0.749765 -0.004481
   22  0.800222  0.018037  0.799778 -0.002108
   23  0.850188  0.013531  0.849812 -0.000076
   24  0.900133  0.008991  0.899866  0.001356
   25  0.950064  0.004529  0.949936  0.001790
   26  1.000000  0.000000  1.000000  0.000000

COORDINATES OF NACA AIRFOILS           17:45  4Jan2002
NACA 63-206                                                                     
INTERPOLATED COORDINATES
            x      yupper   ylower
    1  0.000000  0.000000  0.000000
    2  0.005000  0.005769 -0.004345
    3  0.007500  0.006988 -0.005234
    4  0.012500  0.008950 -0.006505
    5  0.025000  0.012564 -0.008607
    6  0.050000  0.017896 -0.011388
    7  0.075000  0.021995 -0.013364
    8  0.100000  0.025356 -0.014883
    9  0.150000  0.030650 -0.017111
   10  0.200000  0.034569 -0.018588
   11  0.250000  0.037393 -0.019464
   12  0.300000  0.039289 -0.019832
   13  0.350000  0.040296 -0.019687
   14  0.400000  0.040422 -0.019004
   15  0.450000  0.039714 -0.017815
   16  0.500000  0.038250 -0.016186
   17  0.550000  0.036116 -0.014205
   18  0.600000  0.033399 -0.011961
   19  0.650000  0.030161 -0.009529
   20  0.700000  0.026466 -0.006992
   21  0.750000  0.022400 -0.004469
   22  0.800000  0.018056 -0.002098
   23  0.850000  0.013548 -0.000069
   24  0.900000  0.009003  0.001359
   25  0.950000  0.004535  0.001789
   26  1.000000  0.000000  0.000000
End of output for cambered airfoil
