COORDINATES OF NACA AIRFOILS
Created by naca456, version 1.0 (4 January 2002) on 17:46  4Jan2002
Ralph L. Carmichael, Public Domain Aeronautical Software
 
NACA 63A210                                                                     
Six-series profile, family= 63A   t/c= 0.1000
Six-series mean line (modified), cl= 0.2000  (a=0.8 always for 6M)
 
                       THICKNESS          MEAN LINE
            x         y      dy/dx         y      dy/dx
    1  0.000000  0.000000**********  0.000000  0.000000
    2  0.000200  0.001716  4.286552  0.000034  0.150926
    3  0.000500  0.002707  2.685628  0.000076  0.135049
    4  0.001000  0.003812  1.873273  0.000140  0.123033
    5  0.001500  0.004649  1.509682  0.000200  0.116001
    6  0.002000  0.005346  1.291070  0.000257  0.111008
    7  0.005000  0.008245  0.759116  0.000562  0.095079
    8  0.010000  0.011336  0.525709  0.001004  0.082975
    9  0.015000  0.013697  0.428127  0.001400  0.075854
   10  0.020000  0.015682  0.370001  0.001766  0.070773
   11  0.030000  0.018995  0.299550  0.002435  0.063551
   12  0.040000  0.021765  0.257756  0.003043  0.058367
   13  0.050000  0.024184  0.228396  0.003606  0.054298
   14  0.060000  0.026349  0.205951  0.004132  0.050934
   15  0.080000  0.030107  0.172225  0.005094  0.045532
   16  0.100000  0.033290  0.148174  0.005960  0.041237
   17  0.120000  0.036041  0.128866  0.006748  0.037638
   18  0.140000  0.038447  0.112373  0.007469  0.034515
   19  0.160000  0.040560  0.098375  0.008131  0.031738
   20  0.180000  0.042410  0.086169  0.008740  0.029220
   21  0.200000  0.044025  0.074979  0.009301  0.026904
   22  0.220000  0.045428  0.064638  0.009817  0.024747
   23  0.240000  0.046628  0.054863  0.010292  0.022719
   24  0.260000  0.047653  0.046883  0.010727  0.020796
   25  0.280000  0.048495  0.037334  0.011124  0.018957
   26  0.300000  0.049154  0.027881  0.011486  0.017189
   27  0.320000  0.049612  0.018040  0.011812  0.015478
   28  0.340000  0.049891  0.008886  0.012105  0.013814
   29  0.360000  0.049992  0.000910  0.012365  0.012187
   30  0.380000  0.049925 -0.007130  0.012593  0.010589
   31  0.400000  0.049683 -0.015814  0.012789  0.009012
   32  0.420000  0.049273 -0.025131  0.012953  0.007450
   33  0.440000  0.048700 -0.032895  0.013087  0.005896
   34  0.460000  0.047975 -0.039720  0.013189  0.004343
   35  0.480000  0.047111 -0.047109  0.013260  0.002785
   36  0.500000  0.046109 -0.053304  0.013301  0.001215
   37  0.520000  0.044982 -0.059105  0.013309 -0.000373
   38  0.540000  0.043741 -0.065277  0.013285 -0.001987
   39  0.560000  0.042384 -0.070245  0.013229 -0.003635
   40  0.580000  0.040925 -0.075694  0.013140 -0.005327
   41  0.600000  0.039371 -0.080522  0.013016 -0.007074
   42  0.620000  0.037729 -0.084392  0.012856 -0.008888
   43  0.640000  0.036000 -0.087417  0.012660 -0.010786
   44  0.660000  0.034199 -0.091820  0.012424 -0.012788
   45  0.680000  0.032330 -0.095404  0.012147 -0.014920
   46  0.700000  0.030403 -0.096996  0.011826 -0.017218
   47  0.720000  0.028432 -0.099500  0.011457 -0.019736
   48  0.740000  0.026433 -0.100535  0.011035 -0.022555
   49  0.760000  0.024418 -0.100767  0.010552 -0.025815
   50  0.780000  0.022403 -0.100482  0.009997 -0.029826
   51  0.800000  0.020387 -0.100554  0.009347 -0.036069
   52  0.820000  0.018367 -0.101102  0.008556 -0.042127
   53  0.840000  0.016353 -0.100671  0.007676 -0.045581
   54  0.860000  0.014342 -0.100033  0.006740 -0.047902
   55  0.880000  0.012338 -0.100752  0.005885 -0.049042
   56  0.900000  0.010302 -0.103244  0.004904 -0.049042
   57  0.920000  0.008216 -0.104413  0.003923 -0.049042
   58  0.940000  0.006182 -0.097696  0.002943 -0.049042
   59  0.960000  0.004355 -0.084369  0.001962 -0.049042
   60  0.970000  0.003535 -0.080203  0.001471 -0.049042
   61  0.980000  0.002738 -0.081126  0.000981 -0.049042
   62  0.990000  0.001868 -0.097362  0.000490 -0.049042
   63  0.995000  0.001311 -0.132524  0.000245 -0.049042
   64  1.000000  0.000000 -6.108688  0.000000 -0.049042

COORDINATES OF NACA AIRFOILS           17:46  4Jan2002
NACA 63A210                                                                     
COMBINED THICKNESS AND CAMBER
         xupper    yupper    xlower    ylower
    1  0.000000  0.000000  0.000000  0.000000
    2 -0.000056  0.001730  0.000456 -0.001663
    3  0.000138  0.002759  0.000862 -0.002606
    4  0.000534  0.003924  0.001466 -0.003644
    5  0.000964  0.004818  0.002036 -0.004418
    6  0.001410  0.005570  0.002590 -0.005056
    7  0.004220  0.008770  0.005780 -0.007646
    8  0.009063  0.012301  0.010937 -0.010293
    9  0.013964  0.015058  0.016036 -0.012258
   10  0.018893  0.017409  0.021107 -0.013878
   11  0.028795  0.021392  0.031205 -0.016522
   12  0.038732  0.024771  0.041268 -0.018684
   13  0.048689  0.027754  0.051311 -0.020542
   14  0.058660  0.030446  0.061340 -0.022183
   15  0.078631  0.035170  0.081369 -0.024982
   16  0.098628  0.039222  0.101372 -0.027301
   17  0.118644  0.042764  0.121356 -0.029268
   18  0.138674  0.045893  0.141326 -0.030955
   19  0.158713  0.048671  0.161287 -0.032409
   20  0.178761  0.051132  0.181239 -0.033651
   21  0.198816  0.053310  0.201184 -0.034708
   22  0.218876  0.055232  0.221124 -0.035597
   23  0.238941  0.056908  0.241059 -0.036324
   24  0.259009  0.058369  0.260991 -0.036916
   25  0.279081  0.059611  0.280919 -0.037362
   26  0.299155  0.060632  0.300845 -0.037661
   27  0.319232  0.061418  0.320768 -0.037793
   28  0.339311  0.061991  0.340689 -0.037781
   29  0.359391  0.062354  0.360609 -0.037623
   30  0.379471  0.062515  0.380529 -0.037329
   31  0.399552  0.062470  0.400448 -0.036892
   32  0.419633  0.062225  0.420367 -0.036318
   33  0.439713  0.061786  0.440287 -0.035612
   34  0.459792  0.061164  0.460208 -0.034785
   35  0.479869  0.060371  0.480131 -0.033850
   36  0.499944  0.059409  0.500056 -0.032808
   37  0.520017  0.058291  0.519983 -0.031673
   38  0.540087  0.057026  0.539913 -0.030455
   39  0.560154  0.055613  0.559846 -0.029154
   40  0.580218  0.054064  0.579782 -0.027785
   41  0.600278  0.052386  0.599722 -0.026354
   42  0.620335  0.050583  0.619665 -0.024871
   43  0.640388  0.048658  0.639612 -0.023339
   44  0.660437  0.046620  0.659563 -0.021772
   45  0.680482  0.044474  0.679518 -0.020180
   46  0.700523  0.042224  0.699477 -0.018572
   47  0.720561  0.039884  0.719439 -0.016970
   48  0.740596  0.037461  0.739404 -0.015391
   49  0.760630  0.034961  0.759370 -0.013857
   50  0.780668  0.032390  0.779332 -0.012396
   51  0.800735  0.029720  0.799265 -0.011027
   52  0.820773  0.026906  0.819227 -0.009795
   53  0.840745  0.024012  0.839255 -0.008659
   54  0.860686  0.021066  0.859314 -0.007586
   55  0.880604  0.018208  0.879396 -0.006438
   56  0.900505  0.015193  0.899495 -0.005385
   57  0.920402  0.012129  0.919598 -0.004282
   58  0.940303  0.009117  0.939697 -0.003232
   59  0.960213  0.006311  0.959787 -0.002388
   60  0.970173  0.005002  0.969827 -0.002059
   61  0.980134  0.003715  0.979866 -0.001754
   62  0.990092  0.002356  0.989909 -0.001375
   63  0.995064  0.001554  0.994936 -0.001064
   64  1.000000  0.000000  1.000000  0.000000

COORDINATES OF NACA AIRFOILS           17:46  4Jan2002
NACA 63A210                                                                     
INTERPOLATED COORDINATES
            x      yupper   ylower
    1  0.000000  0.000000  0.000000
    2  0.000200  0.002983 -0.000887
    3  0.000500  0.003841 -0.001779
    4  0.001000  0.004884 -0.002872
    5  0.001500  0.005707 -0.003695
    6  0.002000  0.006407 -0.004374
    7  0.005000  0.009442 -0.007122
    8  0.010000  0.012870 -0.009882
    9  0.015000  0.015581 -0.011891
   10  0.020000  0.017897 -0.013546
   11  0.030000  0.021829 -0.016237
   12  0.040000  0.025171 -0.018431
   13  0.050000  0.028123 -0.020313
   14  0.060000  0.030789 -0.021974
   15  0.080000  0.035466 -0.024807
   16  0.100000  0.039480 -0.027155
   17  0.120000  0.042988 -0.029144
   18  0.140000  0.046088 -0.030851
   19  0.160000  0.048838 -0.032321
   20  0.180000  0.051274 -0.033580
   21  0.200000  0.053430 -0.034650
   22  0.220000  0.055332 -0.035551
   23  0.240000  0.056990 -0.036289
   24  0.260000  0.058436 -0.036890
   25  0.280000  0.059663 -0.037345
   26  0.300000  0.060670 -0.037652
   27  0.320000  0.061444 -0.037791
   28  0.340000  0.062007 -0.037784
   29  0.360000  0.062361 -0.037630
   30  0.380000  0.062516 -0.037339
   31  0.400000  0.062466 -0.036904
   32  0.420000  0.062218 -0.036330
   33  0.440000  0.061778 -0.035623
   34  0.460000  0.061156 -0.034794
   35  0.480000  0.060365 -0.033856
   36  0.500000  0.059407 -0.032811
   37  0.520000  0.058292 -0.031672
   38  0.540000  0.057032 -0.030450
   39  0.560000  0.055624 -0.029144
   40  0.580000  0.054082 -0.027770
   41  0.600000  0.052410 -0.026334
   42  0.620000  0.050615 -0.024846
   43  0.640000  0.048696 -0.023308
   44  0.660000  0.046666 -0.021737
   45  0.680000  0.044527 -0.020141
   46  0.700000  0.042284 -0.018530
   47  0.720000  0.039951 -0.016925
   48  0.740000  0.037534 -0.015345
   49  0.760000  0.035041 -0.013810
   50  0.780000  0.032477 -0.012348
   51  0.800000  0.029821 -0.010979
   52  0.820000  0.027017 -0.009749
   53  0.840000  0.024122 -0.008619
   54  0.860000  0.021165 -0.007547
   55  0.880000  0.018296 -0.006405
   56  0.900000  0.015271 -0.005358
   57  0.920000  0.012191 -0.004260
   58  0.940000  0.009162 -0.003218
   59  0.960000  0.006340 -0.002380
   60  0.970000  0.005024 -0.002054
   61  0.980000  0.003733 -0.001749
   62  0.990000  0.002369 -0.001372
   63  0.995000  0.001568 -0.001057
   64  1.000000  0.000000  0.000000
End of output for cambered airfoil
