COORDINATES OF NACA AIRFOILS
Created by naca456, version 1.0 (4 January 2002) on 17:47  4Jan2002
Ralph L. Carmichael, Public Domain Aeronautical Software
 
NACA 63A415                                                                     
Six-series profile, family= 63A   t/c= 0.1500
Six-series mean line (modified), cl= 0.4000  (a=0.8 always for 6M)
 
                       THICKNESS          MEAN LINE
            x         y      dy/dx         y      dy/dx
    1  0.000000  0.000000**********  0.000000  0.000000
    2  0.005000  0.011754  1.107073  0.001124  0.190157
    3  0.007500  0.014221  0.900425  0.001581  0.176014
    4  0.012500  0.018228  0.719456  0.002413  0.158122
    5  0.025000  0.025657  0.506240  0.004219  0.133617
    6  0.050000  0.036018  0.349407  0.007212  0.108596
    7  0.075000  0.043723  0.273761  0.009727  0.093511
    8  0.100000  0.049911  0.224926  0.011921  0.082474
    9  0.150000  0.059404  0.160613  0.015614  0.066179
   10  0.200000  0.066197  0.113784  0.018602  0.053808
   11  0.250000  0.070924  0.077142  0.021028  0.043491
   12  0.300000  0.073867  0.039088  0.022971  0.034378
   13  0.350000  0.074983  0.005045  0.024478  0.025993
   14  0.400000  0.074417 -0.027905  0.025578  0.018025
   15  0.450000  0.072244 -0.057726  0.026284  0.010239
   16  0.500000  0.068703 -0.083767  0.026601  0.002430
   17  0.550000  0.063998 -0.104344  0.026523 -0.005613
   18  0.600000  0.058320 -0.121439  0.026032 -0.014148
   19  0.650000  0.051845 -0.136271  0.025094 -0.023545
   20  0.700000  0.044772 -0.146037  0.023653 -0.034437
   21  0.750000  0.037376 -0.148724  0.021603 -0.048233
   22  0.800000  0.029946 -0.149105  0.018694 -0.072138
   23  0.850000  0.022529 -0.147873  0.014428 -0.093718
   24  0.900000  0.015083 -0.153095  0.009808 -0.098084
   25  0.950000  0.007730 -0.130881  0.004904 -0.098084
   26  1.000000  0.000000-19.224110  0.000000 -0.098084

COORDINATES OF NACA AIRFOILS           17:47  4Jan2002
NACA 63A415                                                                     
COMBINED THICKNESS AND CAMBER
         xupper    yupper    xlower    ylower
    1  0.000000  0.000000  0.000000  0.000000
    2  0.002804  0.012672  0.007196 -0.010423
    3  0.005035  0.015587  0.009965 -0.012425
    4  0.009653  0.020417  0.015347 -0.015591
    5  0.021602  0.029649  0.028398 -0.021212
    6  0.046111  0.043019  0.053889 -0.028595
    7  0.070929  0.053260  0.079071 -0.033806
    8  0.095898  0.061663  0.104102 -0.037822
    9  0.146077  0.074888  0.153923 -0.043660
   10  0.196443  0.084704  0.203557 -0.047499
   11  0.246918  0.091885  0.253082 -0.049829
   12  0.297462  0.096795  0.302538 -0.050852
   13  0.348052  0.099436  0.351948 -0.050479
   14  0.398659  0.099983  0.401341 -0.048828
   15  0.449260  0.098524  0.450740 -0.045956
   16  0.499833  0.095304  0.500167 -0.042102
   17  0.550359  0.090520  0.549641 -0.037474
   18  0.600825  0.084345  0.599175 -0.032282
   19  0.651220  0.076925  0.648780 -0.026737
   20  0.701541  0.068398  0.698459 -0.021093
   21  0.751801  0.058936  0.748199 -0.015729
   22  0.802155  0.048562  0.797845 -0.011175
   23  0.852102  0.036859  0.847898 -0.008003
   24  0.901472  0.024819  0.898528 -0.005202
   25  0.950755  0.012597  0.949245 -0.002789
   26  1.000000  0.000000  1.000000  0.000000

COORDINATES OF NACA AIRFOILS           17:47  4Jan2002
NACA 63A415                                                                     
INTERPOLATED COORDINATES
            x      yupper   ylower
    1  0.000000  0.000000  0.000000
    2  0.005000  0.015546 -0.008458
    3  0.007500  0.018295 -0.010664
    4  0.012500  0.022944 -0.014006
    5  0.025000  0.031820 -0.019940
    6  0.050000  0.044785 -0.027650
    7  0.075000  0.054739 -0.033057
    8  0.100000  0.062909 -0.037225
    9  0.150000  0.075762 -0.043282
   10  0.200000  0.085291 -0.047278
   11  0.250000  0.092249 -0.049722
   12  0.300000  0.096981 -0.050833
   13  0.350000  0.099495 -0.050519
   14  0.400000  0.099969 -0.048889
   15  0.450000  0.098489 -0.046007
   16  0.500000  0.095290 -0.042116
   17  0.550000  0.090559 -0.037438
   18  0.600000  0.084457 -0.032192
   19  0.650000  0.077118 -0.026598
   20  0.700000  0.068674 -0.020920
   21  0.750000  0.059287 -0.015545
   22  0.800000  0.049036 -0.011013
   23  0.850000  0.037368 -0.007883
   24  0.900000  0.025180 -0.005128
   25  0.950000  0.012787 -0.002752
   26  1.000000  0.000000  0.000000
End of output for cambered airfoil
