COORDINATES OF NACA AIRFOILS
Created by naca456, version 1.0 (4 January 2002) on 17:47  4Jan2002
Ralph L. Carmichael, Public Domain Aeronautical Software
NACA 64-010                                                                     
Six-series profile, family= 64    t/c= 0.1000
No camber, symmetrical section
SYMMETRICAL AIRFOIL DEFINITION
        x         y        dy/dx
    1  0.000000  0.000000**********
    2  0.005000  0.008165  0.777181
    3  0.007500  0.009880  0.610994
    4  0.012500  0.012474  0.448201
    5  0.025000  0.016991  0.306502
    6  0.050000  0.023406  0.219125
    7  0.075000  0.028246  0.172349
    8  0.100000  0.032186  0.144621
    9  0.150000  0.038399  0.106664
   10  0.200000  0.043004  0.078942
   11  0.250000  0.046346  0.055319
   12  0.300000  0.048570  0.033711
   13  0.350000  0.049766  0.013467
   14  0.400000  0.049800 -0.013254
   15  0.450000  0.048409 -0.040973
   16  0.500000  0.045834 -0.061016
   17  0.550000  0.042365 -0.077089
   18  0.600000  0.038181 -0.089875
   19  0.650000  0.033429 -0.099365
   20  0.700000  0.028252 -0.106782
   21  0.750000  0.022788 -0.111238
   22  0.800000  0.017211 -0.111228
   23  0.850000  0.011754 -0.106103
   24  0.900000  0.006710 -0.094519
   25  0.950000  0.002470 -0.072794
   26  1.000000  0.000000 -0.001558
End of output for symmetrical airfoil
