COORDINATES OF NACA AIRFOILS
Created by naca456, version 1.0 (4 January 2002) on 17:51  4Jan2002
Ralph L. Carmichael, Public Domain Aeronautical Software
 
NACA 6412                                                                       
Four-digit profile, t/c= 0.1200
Two digit mean line,  max camber= 0.060  x of max. camber= 0.400
 
                       THICKNESS          MEAN LINE
            x         y      dy/dx         y      dy/dx
    1  0.000000  0.000000**********  0.000000  0.300000
    2  0.005000  0.012213  1.181943  0.001491  0.296250
    3  0.007500  0.014849  0.949756  0.002229  0.294375
    4  0.012500  0.018939  0.715872  0.003691  0.290625
    5  0.025000  0.026147  0.477496  0.007266  0.281250
    6  0.050000  0.035547  0.302886  0.014062  0.262500
    7  0.075000  0.041999  0.220769  0.020391  0.243750
    8  0.100000  0.046828  0.168746  0.026250  0.225000
    9  0.150000  0.053452  0.101782  0.036562  0.187500
   10  0.200000  0.057375  0.057703  0.045000  0.150000
   11  0.250000  0.059412  0.025238  0.051562  0.112500
   12  0.300000  0.060017 -0.000078  0.056250  0.075000
   13  0.350000  0.059486 -0.020472  0.059062  0.037500
   14  0.400000  0.058030 -0.037248  0.060000  0.000000
   15  0.450000  0.055807 -0.051257  0.059583 -0.016667
   16  0.500000  0.052940 -0.063111  0.058333 -0.033333
   17  0.550000  0.049524 -0.073282  0.056250 -0.050000
   18  0.600000  0.045634 -0.082154  0.053333 -0.066667
   19  0.650000  0.041325 -0.090059  0.049583 -0.083333
   20  0.700000  0.036639 -0.097287  0.045000 -0.100000
   21  0.750000  0.031603 -0.104106  0.039583 -0.116667
   22  0.800000  0.026231 -0.110762  0.033333 -0.133333
   23  0.850000  0.020526 -0.117491  0.026250 -0.150000
   24  0.900000  0.014477 -0.124515  0.018333 -0.166667
   25  0.950000  0.008066 -0.132051  0.009583 -0.183333
   26  1.000000  0.001260 -0.140310  0.000000 -0.200000

COORDINATES OF NACA AIRFOILS           17:51  4Jan2002
NACA 6412                                                                       
COMBINED THICKNESS AND CAMBER
         xupper    yupper    xlower    ylower
    1  0.000000  0.000000  0.000000  0.000000
    2  0.001531  0.013201  0.008469 -0.010219
    3  0.003307  0.016473  0.011693 -0.012015
    4  0.007215  0.021878  0.017785 -0.014495
    5  0.017921  0.032436  0.032079 -0.017905
    6  0.040975  0.048445  0.059025 -0.020320
    7  0.065054  0.061195  0.084946 -0.020414
    8  0.089721  0.071936  0.110279 -0.019436
    9  0.140149  0.089099  0.159851 -0.015974
   10  0.191489  0.101741  0.208511 -0.011741
   11  0.243358  0.110602  0.256642 -0.007477
   12  0.295511  0.116099  0.304489 -0.003599
   13  0.347771  0.118507  0.352229 -0.000382
   14  0.400000  0.118030  0.400000  0.001970
   15  0.450930  0.115383  0.449070  0.003784
   16  0.501764  0.111244  0.498236  0.005422
   17  0.552473  0.105712  0.547527  0.006788
   18  0.603036  0.098866  0.596965  0.007801
   19  0.653432  0.090766  0.646568  0.008401
   20  0.703646  0.081457  0.696354  0.008543
   21  0.753662  0.070973  0.746338  0.008193
   22  0.803467  0.059334  0.796533  0.007332
   23  0.853045  0.046549  0.846955  0.005951
   24  0.902380  0.032614  0.897620  0.004053
   25  0.951454  0.017517  0.948546  0.001650
   26  1.000247  0.001236  0.999753 -0.001236

COORDINATES OF NACA AIRFOILS           17:51  4Jan2002
NACA 6412                                                                       
INTERPOLATED COORDINATES
            x      yupper   ylower
    1  0.000000  0.000000  0.000000
    2  0.005000  0.019008 -0.007547
    3  0.007500  0.022222 -0.009566
    4  0.012500  0.027572 -0.012399
    5  0.025000  0.037985 -0.016526
    6  0.050000  0.053555 -0.019881
    7  0.075000  0.065758 -0.020545
    8  0.100000  0.075900 -0.019926
    9  0.150000  0.091859 -0.016766
   10  0.200000  0.103446 -0.012503
   11  0.250000  0.111484 -0.008052
   12  0.300000  0.116425 -0.003940
   13  0.350000  0.118543 -0.000513
   14  0.400000  0.118030  0.001970
   15  0.450000  0.115446  0.003816
   16  0.500000  0.111411  0.005477
   17  0.550000  0.106014  0.006847
   18  0.600000  0.099314  0.007850
   19  0.650000  0.091357  0.008426
   20  0.700000  0.082174  0.008534
   21  0.750000  0.071782  0.008148
   22  0.800000  0.060183  0.007254
   23  0.850000  0.047369  0.005851
   24  0.900000  0.033314  0.003952
   25  0.950000  0.017982  0.001573
   26  1.000000  0.001321 -0.001249
End of output for cambered airfoil
