COORDINATES OF NACA AIRFOILS
Created by naca456, version 1.0 (4 January 2002) on 17:48  4Jan2002
Ralph L. Carmichael, Public Domain Aeronautical Software
NACA 64A010                                                                     
Six-series profile, family= 64a   t/c= 0.1000
No camber, symmetrical section
SYMMETRICAL AIRFOIL DEFINITION
        x         y        dy/dx
    1  0.000000  0.000000**********
    2  0.005000  0.008148  0.750874
    3  0.007500  0.009803  0.591996
    4  0.012500  0.012351  0.446731
    5  0.025000  0.016938  0.310970
    6  0.050000  0.023307  0.214530
    7  0.075000  0.028075  0.171330
    8  0.100000  0.032010  0.144095
    9  0.150000  0.038152  0.105267
   10  0.200000  0.042731  0.078846
   11  0.250000  0.046073  0.055450
   12  0.300000  0.048361  0.036148
   13  0.350000  0.049672  0.017254
   14  0.400000  0.049946 -0.007318
   15  0.450000  0.048920 -0.032141
   16  0.500000  0.046822 -0.050937
   17  0.550000  0.043855 -0.066449
   18  0.600000  0.040198 -0.079159
   19  0.650000  0.035954 -0.090261
   20  0.700000  0.031228 -0.098223
   21  0.750000  0.026192 -0.102719
   22  0.800000  0.021010 -0.104232
   23  0.850000  0.015817 -0.104029
   24  0.900000  0.010620 -0.106117
   25  0.950000  0.005393 -0.095040
   26  1.000000  0.000000 -6.068123
End of output for symmetrical airfoil
