COORDINATES OF NACA AIRFOILS
Created by naca456, version 1.0 (4 January 2002) on 17:48  4Jan2002
Ralph L. Carmichael, Public Domain Aeronautical Software
NACA 64A015                                                                     
Six-series profile, family= 64A   t/c= 0.1500
No camber, symmetrical section
SYMMETRICAL AIRFOIL DEFINITION
        x         y        dy/dx
    1  0.000000  0.000000**********
    2  0.005000  0.011586  1.094873
    3  0.007500  0.014015  0.877535
    4  0.012500  0.017844  0.677242
    5  0.025000  0.024845  0.476473
    6  0.050000  0.034601  0.327997
    7  0.075000  0.041883  0.261276
    8  0.100000  0.047882  0.219198
    9  0.150000  0.057223  0.159982
   10  0.200000  0.064174  0.119334
   11  0.250000  0.069224  0.084046
   12  0.300000  0.072668  0.054208
   13  0.350000  0.074597  0.023459
   14  0.400000  0.074852 -0.016149
   15  0.450000  0.073100 -0.052647
   16  0.500000  0.069761 -0.080551
   17  0.550000  0.065154 -0.102857
   18  0.600000  0.059546 -0.121422
   19  0.650000  0.053091 -0.135564
   20  0.700000  0.045981 -0.147044
   21  0.750000  0.038475 -0.152490
   22  0.800000  0.030824 -0.153116
   23  0.850000  0.023189 -0.150967
   24  0.900000  0.015532 -0.156666
   25  0.950000  0.007951 -0.135590
   26  1.000000  0.000000-19.158016
End of output for symmetrical airfoil
