COORDINATES OF NACA AIRFOILS
Created by naca456, version 1.0 (4 January 2002) on 17:48  4Jan2002
Ralph L. Carmichael, Public Domain Aeronautical Software
 
NACA 64A410                                                                     
Six-series profile, family= 64A   t/c= 0.1000
Six-series mean line (modified), cl= 0.4000  (a=0.8 always for 6M)
 
                       THICKNESS          MEAN LINE
            x         y      dy/dx         y      dy/dx
    1  0.000000  0.000000**********  0.000000  0.000000
    2  0.005000  0.008148  0.750874  0.001124  0.190157
    3  0.007500  0.009803  0.591996  0.001581  0.176014
    4  0.012500  0.012351  0.446731  0.002413  0.158122
    5  0.025000  0.016938  0.310970  0.004219  0.133617
    6  0.050000  0.023307  0.214530  0.007212  0.108596
    7  0.075000  0.028075  0.171330  0.009727  0.093511
    8  0.100000  0.032010  0.144095  0.011921  0.082474
    9  0.150000  0.038152  0.105267  0.015614  0.066179
   10  0.200000  0.042731  0.078846  0.018602  0.053808
   11  0.250000  0.046073  0.055450  0.021028  0.043491
   12  0.300000  0.048361  0.036148  0.022971  0.034378
   13  0.350000  0.049672  0.017254  0.024478  0.025993
   14  0.400000  0.049946 -0.007318  0.025578  0.018025
   15  0.450000  0.048920 -0.032141  0.026284  0.010239
   16  0.500000  0.046822 -0.050937  0.026601  0.002430
   17  0.550000  0.043855 -0.066449  0.026523 -0.005613
   18  0.600000  0.040198 -0.079159  0.026032 -0.014148
   19  0.650000  0.035954 -0.090261  0.025094 -0.023545
   20  0.700000  0.031228 -0.098223  0.023653 -0.034437
   21  0.750000  0.026192 -0.102719  0.021603 -0.048233
   22  0.800000  0.021010 -0.104232  0.018694 -0.072138
   23  0.850000  0.015817 -0.104029  0.014428 -0.093718
   24  0.900000  0.010620 -0.106117  0.009808 -0.098084
   25  0.950000  0.005393 -0.095040  0.004904 -0.098084
   26  1.000000  0.000000 -6.068123  0.000000 -0.098084

COORDINATES OF NACA AIRFOILS           17:48  4Jan2002
NACA 64A410                                                                     
COMBINED THICKNESS AND CAMBER
         xupper    yupper    xlower    ylower
    1  0.000000  0.000000  0.000000  0.000000
    2  0.003478  0.009129  0.006522 -0.006880
    3  0.005801  0.011235  0.009199 -0.008073
    4  0.010571  0.014612  0.014429 -0.009786
    5  0.022757  0.021008  0.027243 -0.012570
    6  0.047484  0.030383  0.052516 -0.015959
    7  0.072386  0.037680  0.077614 -0.018226
    8  0.097369  0.043822  0.102631 -0.019981
    9  0.147481  0.053683  0.152519 -0.022455
   10  0.197704  0.061272  0.202296 -0.024067
   11  0.247998  0.067058  0.252002 -0.025001
   12  0.298338  0.071304  0.301662 -0.025361
   13  0.348709  0.074133  0.351291 -0.025177
   14  0.399100  0.075515  0.400900 -0.024360
   15  0.449499  0.075201  0.450501 -0.022634
   16  0.499886  0.073423  0.500114 -0.020221
   17  0.550246  0.070377  0.549754 -0.017331
   18  0.600569  0.066225  0.599431 -0.014162
   19  0.650846  0.061038  0.649154 -0.010850
   20  0.701075  0.054862  0.698925 -0.007557
   21  0.751262  0.047765  0.748738 -0.004558
   22  0.801512  0.039649  0.798488 -0.002262
   23  0.851476  0.030176  0.848524 -0.001320
   24  0.901037  0.020378  0.898963 -0.000761
   25  0.950526  0.010271  0.949474 -0.000463
   26  1.000000  0.000000  1.000000  0.000000

COORDINATES OF NACA AIRFOILS           17:48  4Jan2002
NACA 64A410                                                                     
INTERPOLATED COORDINATES
            x      yupper   ylower
    1  0.000000  0.000000  0.000000
    2  0.005000  0.010576 -0.006003
    3  0.007500  0.012530 -0.007359
    4  0.012500  0.015792 -0.009217
    5  0.025000  0.022000 -0.012171
    6  0.050000  0.031192 -0.015689
    7  0.075000  0.038369 -0.018019
    8  0.100000  0.044414 -0.019815
    9  0.150000  0.054111 -0.022354
   10  0.200000  0.061573 -0.024008
   11  0.250000  0.067255 -0.024975
   12  0.300000  0.071420 -0.025358
   13  0.350000  0.074188 -0.025189
   14  0.400000  0.075524 -0.024383
   15  0.450000  0.075190 -0.022655
   16  0.500000  0.073417 -0.020227
   17  0.550000  0.070395 -0.017316
   18  0.600000  0.066278 -0.014125
   19  0.650000  0.061134 -0.010794
   20  0.700000  0.055004 -0.007488
   21  0.750000  0.047954 -0.004488
   22  0.800000  0.039915 -0.002215
   23  0.850000  0.030465 -0.001301
   24  0.900000  0.020586 -0.000752
   25  0.950000  0.010380 -0.000460
   26  1.000000  0.000000  0.000000
End of output for cambered airfoil
