COORDINATES OF NACA AIRFOILS
Created by naca456, version 1.0 (4 January 2002) on 17:49  4Jan2002
Ralph L. Carmichael, Public Domain Aeronautical Software
NACA 65-021                                                                     
Six-series profile, family= 65    t/c= 0.2100
No camber, symmetrical section
SYMMETRICAL AIRFOIL DEFINITION
        x         y        dy/dx
    1  0.000000  0.000000**********
    2  0.005000  0.014909  1.427802
    3  0.007500  0.018057  1.117810
    4  0.012500  0.022805  0.829128
    5  0.025000  0.031551  0.616024
    6  0.050000  0.044755  0.457511
    7  0.075000  0.054980  0.369501
    8  0.100000  0.063493  0.312749
    9  0.150000  0.077005  0.233309
   10  0.200000  0.087216  0.177094
   11  0.250000  0.094880  0.130694
   12  0.300000  0.100344  0.088349
   13  0.350000  0.103740  0.047999
   14  0.400000  0.105025  0.000817
   15  0.450000  0.103711 -0.052385
   16  0.500000  0.099609 -0.111885
   17  0.550000  0.092823 -0.157819
   18  0.600000  0.083992 -0.191508
   19  0.650000  0.073699 -0.219779
   20  0.700000  0.062331 -0.235986
   21  0.750000  0.050374 -0.242761
   22  0.800000  0.038165 -0.243530
   23  0.850000  0.026181 -0.233855
   24  0.900000  0.015056 -0.208317
   25  0.950000  0.005655 -0.162986
   26  1.000000  0.000000 -0.002760
End of output for symmetrical airfoil
