COORDINATES OF NACA AIRFOILS
Created by naca456, version 1.0 (4 January 2002) on 17:49  4Jan2002
Ralph L. Carmichael, Public Domain Aeronautical Software
NACA 65-010                                                                     
Six-series profile, family= 65    t/c= 0.1000
No camber, symmetrical section
SYMMETRICAL AIRFOIL DEFINITION
        x         y        dy/dx
    1  0.000000  0.000000**********
    2  0.005000  0.007696  0.721158
    3  0.007500  0.009278  0.558223
    4  0.012500  0.011616  0.402586
    5  0.025000  0.015748  0.284410
    6  0.050000  0.021794  0.209575
    7  0.075000  0.026491  0.170135
    8  0.100000  0.030418  0.144615
    9  0.150000  0.036681  0.108281
   10  0.200000  0.041435  0.082676
   11  0.250000  0.045020  0.061628
   12  0.300000  0.047605  0.041815
   13  0.350000  0.049247  0.024040
   14  0.400000  0.049981  0.004650
   15  0.450000  0.049631 -0.018442
   16  0.500000  0.048089 -0.043379
   17  0.550000  0.045309 -0.066973
   18  0.600000  0.041471 -0.085340
   19  0.650000  0.036823 -0.100042
   20  0.700000  0.031537 -0.110247
   21  0.750000  0.025828 -0.117183
   22  0.800000  0.019850 -0.121247
   23  0.850000  0.013834 -0.119099
   24  0.900000  0.008064 -0.110529
   25  0.950000  0.003010 -0.087785
   26  1.000000  0.000000 -0.001353
End of output for symmetrical airfoil
