COORDINATES OF NACA AIRFOILS
Created by naca456, version 1.0 (4 January 2002) on 17:50  4Jan2002
Ralph L. Carmichael, Public Domain Aeronautical Software
NACA 65A010                                                                     
Six-series profile, family= 65a   t/c= 0.1000
No camber, symmetrical section
SYMMETRICAL AIRFOIL DEFINITION
        x         y        dy/dx
    1  0.000000  0.000000**********
    2  0.005000  0.007753  0.724291
    3  0.007500  0.009368  0.586665
    4  0.012500  0.011924  0.447141
    5  0.025000  0.016303  0.280878
    6  0.050000  0.021872  0.195323
    7  0.075000  0.026525  0.172156
    8  0.100000  0.030429  0.143160
    9  0.150000  0.036607  0.106873
   10  0.200000  0.041288  0.081228
   11  0.250000  0.044834  0.060765
   12  0.300000  0.047413  0.042751
   13  0.350000  0.049114  0.025623
   14  0.400000  0.049938  0.007530
   15  0.450000  0.049816 -0.012580
   16  0.500000  0.048618 -0.035265
   17  0.550000  0.046306 -0.057167
   18  0.600000  0.043010 -0.073904
   19  0.650000  0.038966 -0.087569
   20  0.700000  0.034298 -0.099393
   21  0.750000  0.029104 -0.108114
   22  0.800000  0.023518 -0.114874
   23  0.850000  0.017714 -0.115784
   24  0.900000  0.011893 -0.118833
   25  0.950000  0.006033 -0.108921
   26  1.000000  0.000000 -6.065781
End of output for symmetrical airfoil
