COORDINATES OF NACA AIRFOILS
Created by naca456, version 1.0 (4 January 2002) on 17:50  4Jan2002
Ralph L. Carmichael, Public Domain Aeronautical Software
NACA 66-021                                                                     
Six-series profile, family= 66    t/c= 0.2100
No camber, symmetrical section
SYMMETRICAL AIRFOIL DEFINITION
        x         y        dy/dx
    1  0.000000  0.000000**********
    2  0.005000  0.015086  1.363884
    3  0.007500  0.018051  1.044579
    4  0.012500  0.022457  0.760225
    5  0.025000  0.030294  0.556656
    6  0.050000  0.042624  0.436578
    7  0.075000  0.052389  0.352209
    8  0.100000  0.060529  0.302716
    9  0.150000  0.073726  0.229806
   10  0.200000  0.083773  0.176310
   11  0.250000  0.091527  0.135897
   12  0.300000  0.097361  0.098950
   13  0.350000  0.101487  0.066080
   14  0.400000  0.104025  0.035501
   15  0.450000  0.104976  0.003373
   16  0.500000  0.104297 -0.029792
   17  0.550000  0.101809 -0.070040
   18  0.600000  0.096829 -0.135437
   19  0.650000  0.087908 -0.215443
   20  0.700000  0.075948 -0.255093
   21  0.750000  0.062451 -0.283749
   22  0.800000  0.047886 -0.296135
   23  0.850000  0.033208 -0.289321
   24  0.900000  0.019235 -0.265333
   25  0.950000  0.007166 -0.208265
   26  1.000000  0.000000 -0.002629
End of output for symmetrical airfoil
