COORDINATES OF NACA AIRFOILS
Created by naca456, version 1.0 (4 January 2002) on 17:51  4Jan2002
Ralph L. Carmichael, Public Domain Aeronautical Software
NACA 67-021                                                                     
Six-series profile, family= 67    t/c= 0.1500
No camber, symmetrical section
SYMMETRICAL AIRFOIL DEFINITION
        x         y        dy/dx
    1  0.000000  0.000000**********
    2  0.005000  0.011649  1.030381
    3  0.007500  0.013922  0.832228
    4  0.012500  0.017626  0.650559
    5  0.025000  0.023941  0.413412
    6  0.050000  0.032443  0.291299
    7  0.075000  0.038995  0.234944
    8  0.100000  0.044329  0.194911
    9  0.150000  0.052829  0.148157
   10  0.200000  0.059398  0.115531
   11  0.250000  0.064539  0.090157
   12  0.300000  0.068539  0.069561
   13  0.350000  0.071550  0.050053
   14  0.400000  0.073593  0.031694
   15  0.450000  0.074750  0.014293
   16  0.500000  0.074969 -0.004608
   17  0.550000  0.074214 -0.026145
   18  0.600000  0.072309 -0.051319
   19  0.650000  0.069052 -0.080506
   20  0.700000  0.064023 -0.124907
   21  0.750000  0.056213 -0.188607
   22  0.800000  0.045401 -0.233586
   23  0.850000  0.033271 -0.253870
   24  0.900000  0.020210 -0.261807
   25  0.950000  0.007880 -0.220876
   26  1.000000  0.000000 -0.003744
End of output for symmetrical airfoil
