COORDINATES OF NACA AIRFOILS
Created by naca456, version 1.0 (4 January 2002) on 17:51  4Jan2002
Ralph L. Carmichael, Public Domain Aeronautical Software
 
NACA 63A210                                                                     
Six-series profile, family= 63a   t/c= 0.1000
Six-series mean line, a= 0.0000   cl= 0.2000
 
                       THICKNESS          MEAN LINE
            x         y      dy/dx         y      dy/dx
    1  0.000010  0.000381 19.165882  0.000004  0.350548
    2  0.000020  0.000541 13.557659  0.000007  0.328481
    3  0.000030  0.000662 11.091638  0.000010  0.315571
    4  0.000040  0.000766  9.606701  0.000014  0.306411
    5  0.000050  0.000856  8.600045  0.000017  0.299305
    6  0.000060  0.000939  7.849628  0.000020  0.293498
    7  0.000070  0.001014  7.272724  0.000022  0.288589
    8  0.000080  0.001084  6.804242  0.000025  0.284335
    9  0.000090  0.001150  6.412005  0.000028  0.280583
   10  0.000100  0.001213  6.081221  0.000031  0.277226

COORDINATES OF NACA AIRFOILS           17:51  4Jan2002
NACA 63A210                                                                     
COMBINED THICKNESS AND CAMBER
         xupper    yupper    xlower    ylower
    1 -0.000116  0.000364  0.000136 -0.000356
    2 -0.000149  0.000521  0.000189 -0.000507
    3 -0.000169  0.000642  0.000229 -0.000621
    4 -0.000184  0.000746  0.000264 -0.000719
    5 -0.000196  0.000837  0.000296 -0.000804
    6 -0.000204  0.000920  0.000324 -0.000881
    7 -0.000211  0.000996  0.000351 -0.000952
    8 -0.000216  0.001068  0.000376 -0.001017
    9 -0.000221  0.001136  0.000401 -0.001080
   10 -0.000224  0.001200  0.000424 -0.001138

COORDINATES OF NACA AIRFOILS           17:51  4Jan2002
NACA 63A210                                                                     
INTERPOLATED COORDINATES
            x      yupper   ylower
    1  0.000010  0.002971 -0.000037
    2  0.000020  0.003000 -0.000062
    3  0.000030  0.003028 -0.000090
    4  0.000040  0.003066 -0.000115
    5  0.000050  0.003095 -0.000144
    6  0.000060  0.003123 -0.000169
    7  0.000070  0.003159 -0.000197
    8  0.000080  0.003185 -0.000222
    9  0.000090  0.003214 -0.000243
   10  0.000100  0.003242 -0.000272
End of output for cambered airfoil
